2024-10-23T03:12:33.307Z 0: 

----------------------------------------------
2024-10-23T03:12:33.339Z 1: Discord starting: {"releaseChannel":"stable","version":"0.0.64"}, modulepath: /home/nomka/.config/discord/0.0.64/modules
2024-10-23T03:12:33.373Z 2: ✅ webContents.created web1 ""
2024-10-23T03:12:33.488Z 3: ✅ window.created win1 "discord"
2024-10-23T03:12:34.333Z 4: ✅ webContents.did-finish-load web1
2024-10-23T03:13:15.573Z 5: ✅ webContents.created web2 ""
2024-10-23T03:13:15.682Z 6: ✅ window.created win2 "Discord"
2024-10-23T03:13:24.593Z 7: ✅ webContents.did-finish-load web2
2024-10-23T03:13:24.675Z 8: window.close win1
2024-10-23T03:13:25.059Z 9: webContents.destroyed web1
2024-10-23T03:13:25.137Z 10: window.closed win1
2024-10-23T03:40:42.217Z 11: before-quit
2024-10-23T03:40:42.244Z 12: window.close win2
2024-10-23T03:40:42.432Z 13: webContents.destroyed web2
2024-11-02T23:26:46.523Z 0: 

----------------------------------------------
2024-11-02T23:26:46.635Z 1: Discord starting: {"releaseChannel":"stable","version":"0.0.64"}, modulepath: /home/nomka/.config/discord/0.0.64/modules
2024-11-02T23:26:46.652Z 2: ✅ webContents.created web1 ""
2024-11-02T23:26:46.673Z 3: ✅ window.created win1 "discord"
2024-11-02T23:26:47.325Z 4: ✅ webContents.did-finish-load web1
2024-11-02T23:26:48.870Z 5: ✅ webContents.created web2 ""
2024-11-02T23:26:48.959Z 6: ✅ window.created win2 "Discord"
2024-11-02T23:27:02.243Z 7: ✅ webContents.did-finish-load web2
2024-11-02T23:27:02.349Z 8: window.close win1
2024-11-02T23:27:02.418Z 9: webContents.destroyed web1
2024-11-02T23:27:02.435Z 10: window.closed win1
