[24268][1716494766786][main][info]["Booting Postman 11.1.14, linux-6.8.5-301.fc40.x86_64 on x64"]
[24268][1716494766794][main][info]["EventBus~initialize - Success"]
[24268][1716494766800][main][info]["Proxy configuration has not been setup"]
[24268][1716494766801][main][info]["CloudProxyManager~init - Success"]
[24268][1716494766811][main][info]["performShellDataMigration: Starting shell data migration"]
[24268][1716494766811][main][info]["migrateShellData:Starting"]
[24268][1716494766842][main][info]["migrateShellData: Old storage cleaned up"]
[24268][1716494767173][main][info]["migrateShellData: Got data from shell. Writing to storage"]
[24268][1716494767199][main][info]["performShellDataMigration: Migration successful on try count 1"]
[24268][1716494767212][main][info]["UpdateHandler~init - Success"]
[24268][1716494767215][main][info]["LeaderSelection: Initialized successfully"]
[24268][1716494767216][main][info]["VersionDependencyService: Initialized successfully"]
[24268][1716494767234][main][info]["Generated root certificate for linux"]
[24268][1716494767239][main][info]["LinuxAutoUpdater~Cleanup - Initial cleanup successful"]
[24268][1716494767244][main][error]["Error encountered while creating root CA",{"name":"Error","message":"Could not find openssl on your system on this path: openssl","stack":"Error: Could not find openssl on your system on this path: openssl\n    at /home/nomka/Downloads/Postman/app/resources/app/node_modules/@postman/pem/webpack:/pem/lib/openssl.js:257:1"}]
[24268][1716494767292][main][error]["Error generating rootCA certificate for HTTPS proxy",{"name":"Error","message":"Unable to regenerate new certificates","stack":"Error: Unable to regenerate new certificates\n    at ensureRootCAPresence (/home/nomka/Downloads/Postman/app/resources/app/services/proxyCertificateService.js:183:13)\n    at /home/nomka/Downloads/Postman/app/resources/app/services/proxyCertificateService.js:307:22"}]
[24268][1716494767294][main][error]["HTTPSProxy~Unable to generate certificates",{"name":"Error","message":"Unable to regenerate new certificates","stack":"Error: Unable to regenerate new certificates\n    at ensureRootCAPresence (/home/nomka/Downloads/Postman/app/resources/app/services/proxyCertificateService.js:183:13)\n    at /home/nomka/Downloads/Postman/app/resources/app/services/proxyCertificateService.js:307:22"}]
[24268][1716494767334][main][info]["GPU detected VID 4098 DID 5592 ACTIVE true"]
[24268][1716494767340][main][info]["newAccountRegionPreferenceService~getPreferenceWithFallback - Preference not found in storage."]
[24268][1716494767341][main][info]["newAccountRegionPreferenceService~getToggleMenuTemplate - Using preference:","useUSRegion"]
[24268][1716494767374][main][info]["shellController~init: Success"]
[24268][1716494767393][main][info]["shellMeta~init: Success"]
[24268][1716494767393][main][info]["partitionMigrationService: State of V7 partition:"]
[24268][1716494767394][main][info]["partitionMigrationService: V7 partitions",[]]
[24268][1716494767394][main][info]["partitionMigrationService~rectifyNamespaceOfScratchPadPartition: There is no partition with scratchpad namespace"]
[24268][1716494767395][main][info]["partitionMigrationService~rectifyNamespaceOfScratchPadPartition: There is no transit partition which could have been used for scratchpad"]
[24268][1716494767395][main][info]["partitionMigrationService~init: Success"]
[24268][1716494767419][main][info]["partitionMigrationService~runV8PartitionsIntegrity: Two way migration~ removing the following partitions from v8",[]]
[24268][1716494767430][main][info]["userPartitionService~_rectifyTheActivePartitionOfApplication: Setting the active partition to ",null]
[24268][1716494767445][main][info]["userPartitionService~init: Success"]
[24268][1716494767479][main][info]["userPartitionService: State of v8 partition system:"]
[24268][1716494767485][main][info]["shell~init~getPartitionToLoad: loading scratchpad partition"]
[24268][1716494767491][main][info]["userPartitionService: List of partitions:",[]]
[24268][1716494767491][main][info]["userPartitionService: users global meta:",{}]
[24268][1716494767635][main][info]["Main:windowManager~newRequesterWindow: Fetch and update runtime config: undefined"]
[24268][1716494772726][main][info]["RuntimeIPCAgent~started: Success"]
[24268][1716494773696][main][info]["Main~scratchpadThemeAction:: action: set, value: light"]
[24268][1716494773726][main][info]["Main~scratchpadThemeAction:: action: set, value: light"]
[24268][1716494773734][main][info]["Main~scratchpadThemeAction:: action: set, value: light"]
[24268][1716494773782][main][info]["UpdateHandler~app-update-events - Received event",{"name":"checkForElectronVersionUpdated","namespace":"appUpdate"}]
[24268][1716494773800][main][info]["windowManager: First requester booted successfully."]
[24268][1716494773802][main][info]["windowManager~restoreWindows: Restoring requester windows"]
[24268][1716494773806][main][info]["Main~AppEvents - Received booted event for process requester.Version undefined UI Version: undefined Desktop Platform Version: 11.1.14"]
[24268][1716494776423][main][info]["WindowManager~closeHandler - Closed Window (id: 2 )"]
[24268][1716494776440][main][info]["Quitting app"]
