2024-06-10T06:31:28.149Z 0: 

----------------------------------------------
2024-06-10T06:31:28.228Z 1: Discord starting: {"releaseChannel":"stable","version":"0.0.54"}, modulepath: /home/nomka/.config/discord/0.0.54/modules
2024-06-10T06:31:28.247Z 2: ✅ webContents.created web1 ""
2024-06-10T06:31:28.259Z 3: ✅ window.created win1 "discord"
2024-06-10T06:31:28.840Z 4: ✅ webContents.did-finish-load web1
2024-06-10T06:32:34.065Z 5: ✅ webContents.created web2 ""
2024-06-10T06:32:34.128Z 6: ✅ window.created win2 "Discord"
2024-06-10T06:32:39.359Z 7: ✅ webContents.did-finish-load web2
2024-06-10T06:32:39.454Z 8: window.close win1
2024-06-10T06:32:39.497Z 9: webContents.destroyed web1
2024-06-10T06:32:39.514Z 10: window.closed win1
2024-06-10T06:49:24.453Z 11: ✅ webContents.created web3 ""
2024-06-10T06:49:24.519Z 12: ✅ window.created win3 "Discord Popout"
2024-06-10T06:49:25.574Z 13: ✅ webContents.did-finish-load web3
2024-06-10T06:55:13.764Z 14: window.close win3
2024-06-10T06:55:13.948Z 15: window.close win3
2024-06-10T06:55:14.100Z 16: webContents.destroyed web3
2024-06-10T06:55:14.136Z 17: window.closed win3
2024-06-10T07:39:49.702Z 18: before-quit
2024-06-10T07:39:49.715Z 19: window.close win2
2024-06-10T07:39:49.921Z 20: webContents.destroyed web2
2024-06-10T16:57:49.835Z 0: 

----------------------------------------------
2024-06-10T16:57:49.903Z 1: Discord starting: {"releaseChannel":"stable","version":"0.0.54"}, modulepath: /home/nomka/.config/discord/0.0.54/modules
2024-06-10T16:57:49.911Z 2: ✅ webContents.created web1 ""
2024-06-10T16:57:49.917Z 3: ✅ window.created win1 "discord"
2024-06-10T16:57:50.300Z 4: ✅ webContents.did-finish-load web1
2024-06-10T16:57:50.904Z 5: ✅ webContents.created web2 ""
2024-06-10T16:57:50.950Z 6: ✅ window.created win2 "Discord"
2024-06-10T16:57:55.763Z 7: ✅ webContents.did-finish-load web2
2024-06-10T16:57:55.857Z 8: window.close win1
2024-06-10T16:57:56.143Z 9: webContents.destroyed web1
2024-06-10T16:57:56.153Z 10: window.closed win1
2024-06-10T16:58:00.282Z 11: ✅ webContents.did-finish-load web2
2024-06-10T17:00:56.803Z 12: before-quit
2024-06-10T17:00:56.860Z 13: window.close win2
2024-06-11T03:50:47.899Z 0: 

----------------------------------------------
2024-06-11T03:50:48.005Z 1: Discord starting: {"releaseChannel":"stable","version":"0.0.54"}, modulepath: /home/nomka/.config/discord/0.0.54/modules
2024-06-11T03:50:48.091Z 2: ✅ webContents.created web1 ""
2024-06-11T03:50:48.107Z 3: ✅ window.created win1 "discord"
2024-06-11T03:50:49.161Z 4: ✅ webContents.did-finish-load web1
2024-06-11T03:50:49.972Z 5: ✅ webContents.created web2 ""
2024-06-11T03:50:50.067Z 6: ✅ window.created win2 "Discord"
2024-06-11T03:50:54.151Z 7: ✅ webContents.did-finish-load web2
2024-06-11T03:50:54.311Z 8: window.close win1
2024-06-11T03:50:54.409Z 9: webContents.destroyed web1
2024-06-11T03:50:54.423Z 10: window.closed win1
2024-06-11T05:24:52.741Z 11: before-quit
2024-06-11T05:24:52.756Z 12: window.close win2
2024-06-11T05:24:52.773Z 13: webContents.destroyed web2
2024-06-11T05:36:09.892Z 0: 

----------------------------------------------
2024-06-11T05:36:09.921Z 1: Discord starting: {"releaseChannel":"stable","version":"0.0.54"}, modulepath: /home/nomka/.config/discord/0.0.54/modules
2024-06-11T05:36:09.952Z 2: ✅ webContents.created web1 ""
2024-06-11T05:36:09.957Z 3: ✅ window.created win1 "discord"
2024-06-11T05:36:10.430Z 4: ✅ webContents.did-finish-load web1
2024-06-11T05:36:11.359Z 5: ✅ webContents.created web2 ""
2024-06-11T05:36:11.409Z 6: ✅ window.created win2 "Discord"
2024-06-11T05:36:15.130Z 7: ✅ webContents.did-finish-load web2
2024-06-11T05:36:15.227Z 8: window.close win1
2024-06-11T05:36:15.294Z 9: webContents.destroyed web1
2024-06-11T05:36:15.301Z 10: window.closed win1
2024-06-11T05:52:02.966Z 11: before-quit
2024-06-11T05:52:02.980Z 12: window.close win2
2024-06-11T05:52:03.030Z 13: webContents.destroyed web2
2024-06-11T06:09:19.675Z 0: 

----------------------------------------------
2024-06-11T06:09:19.728Z 1: Discord starting: {"releaseChannel":"stable","version":"0.0.54"}, modulepath: /home/nomka/.config/discord/0.0.54/modules
2024-06-11T06:09:19.738Z 2: ✅ webContents.created web1 ""
2024-06-11T06:09:19.753Z 3: ✅ window.created win1 "discord"
2024-06-11T06:09:20.293Z 4: ✅ webContents.did-finish-load web1
2024-06-11T06:09:21.194Z 5: ✅ webContents.created web2 ""
2024-06-11T06:09:21.247Z 6: ✅ window.created win2 "Discord"
2024-06-11T06:09:25.021Z 7: ✅ webContents.did-finish-load web2
2024-06-11T06:09:25.120Z 8: window.close win1
2024-06-11T06:09:25.211Z 9: webContents.destroyed web1
2024-06-11T06:09:25.222Z 10: window.closed win1
2024-06-11T08:10:07.948Z 11: window.close win2
2024-06-11T08:19:48.826Z 0: 

----------------------------------------------
2024-06-11T08:19:48.854Z 1: Discord starting: {"releaseChannel":"stable","version":"0.0.54"}, modulepath: /home/nomka/.config/discord/0.0.54/modules
2024-06-11T08:23:29.861Z 12: before-quit
2024-06-11T08:23:29.877Z 13: window.close win2
2024-06-11T08:23:29.941Z 14: webContents.destroyed web2
2024-06-11T08:23:29.994Z 15: window.closed win2
2024-06-13T00:27:49.465Z 0: 

----------------------------------------------
2024-06-13T00:27:49.526Z 1: Discord starting: {"releaseChannel":"stable","version":"0.0.54"}, modulepath: /home/nomka/.config/discord/0.0.54/modules
2024-06-13T00:27:49.583Z 2: ✅ webContents.created web1 ""
2024-06-13T00:27:49.593Z 3: ✅ window.created win1 "discord"
2024-06-13T00:27:50.222Z 4: ✅ webContents.did-finish-load web1
2024-06-13T00:27:51.184Z 5: ✅ webContents.created web2 ""
2024-06-13T00:27:51.236Z 6: ✅ window.created win2 "Discord"
2024-06-13T00:28:22.214Z 7: ✅ webContents.did-finish-load web2
2024-06-13T00:28:22.304Z 8: window.close win1
2024-06-13T00:28:25.818Z 9: webContents.destroyed web1
2024-06-13T00:28:25.867Z 10: window.closed win1
2024-06-13T01:08:12.879Z 11: before-quit
2024-06-13T01:08:12.886Z 12: window.close win2
2024-06-13T01:08:12.947Z 13: webContents.destroyed web2
2024-06-17T07:07:16.294Z 0: 

----------------------------------------------
2024-06-17T07:07:16.424Z 1: Discord starting: {"releaseChannel":"stable","version":"0.0.54"}, modulepath: /home/nomka/.config/discord/0.0.54/modules
2024-06-17T07:07:16.500Z 2: ✅ webContents.created web1 ""
2024-06-17T07:07:16.523Z 3: ✅ window.created win1 "discord"
2024-06-17T07:07:18.535Z 4: ✅ webContents.did-finish-load web1
2024-06-17T07:07:20.171Z 5: ✅ webContents.created web2 ""
2024-06-17T07:07:20.233Z 6: ✅ window.created win2 "Discord"
2024-06-17T07:07:52.114Z 7: ✅ webContents.did-finish-load web2
2024-06-17T07:07:52.265Z 8: window.close win1
2024-06-17T07:07:52.535Z 9: webContents.destroyed web1
2024-06-17T07:07:52.589Z 10: window.closed win1
2024-06-17T08:02:13.982Z 11: before-quit
2024-06-17T08:02:13.999Z 12: window.close win2
2024-06-17T08:02:14.033Z 13: webContents.destroyed web2
